<?xml version="1.0" encoding="UTF-8"?>
<testsuite xmlns:xsi="http://www.w3.org/2001/XMLSchema-instance" xsi:noNamespaceSchemaLocation="https://maven.apache.org/surefire/maven-surefire-plugin/xsd/surefire-test-report.xsd" name="edu.ponomarev.step.yodaWeb.YodaWebApplicationTests" time="5.991" tests="1" errors="0" skipped="0" failures="0">
  <properties>
    <property name="java.specification.version" value="14"/>
    <property name="sun.jnu.encoding" value="UTF-8"/>
    <property name="java.class.path" value="/Users/stepan/Documents/Программирование/yodaweb/target/test-classes:/Users/stepan/Documents/Программирование/yodaweb/target/classes:/Users/stepan/.m2/repository/org/projectlombok/lombok/1.18.12/lombok-1.18.12.jar:/Users/stepan/.m2/repository/org/springframework/boot/spring-boot-starter-thymeleaf/2.2.6.RELEASE/spring-boot-starter-thymeleaf-2.2.6.RELEASE.jar:/Users/stepan/.m2/repository/org/springframework/boot/spring-boot-starter/2.3.0.M3/spring-boot-starter-2.3.0.M3.jar:/Users/stepan/.m2/repository/org/springframework/boot/spring-boot-starter-logging/2.3.0.M3/spring-boot-starter-logging-2.3.0.M3.jar:/Users/stepan/.m2/repository/ch/qos/logback/logback-classic/1.2.3/logback-classic-1.2.3.jar:/Users/stepan/.m2/repository/ch/qos/logback/logback-core/1.2.3/logback-core-1.2.3.jar:/Users/stepan/.m2/repository/org/apache/logging/log4j/log4j-to-slf4j/2.13.1/log4j-to-slf4j-2.13.1.jar:/Users/stepan/.m2/repository/org/apache/logging/log4j/log4j-api/2.13.1/log4j-api-2.13.1.jar:/Users/stepan/.m2/repository/org/slf4j/jul-to-slf4j/1.7.30/jul-to-slf4j-1.7.30.jar:/Users/stepan/.m2/repository/jakarta/annotation/jakarta.annotation-api/1.3.5/jakarta.annotation-api-1.3.5.jar:/Users/stepan/.m2/repository/org/yaml/snakeyaml/1.26/snakeyaml-1.26.jar:/Users/stepan/.m2/repository/org/thymeleaf/thymeleaf-spring5/3.0.11.RELEASE/thymeleaf-spring5-3.0.11.RELEASE.jar:/Users/stepan/.m2/repository/org/thymeleaf/thymeleaf/3.0.11.RELEASE/thymeleaf-3.0.11.RELEASE.jar:/Users/stepan/.m2/repository/org/attoparser/attoparser/2.0.5.RELEASE/attoparser-2.0.5.RELEASE.jar:/Users/stepan/.m2/repository/org/unbescape/unbescape/1.1.6.RELEASE/unbescape-1.1.6.RELEASE.jar:/Users/stepan/.m2/repository/org/slf4j/slf4j-api/1.7.30/slf4j-api-1.7.30.jar:/Users/stepan/.m2/repository/org/thymeleaf/extras/thymeleaf-extras-java8time/3.0.4.RELEASE/thymeleaf-extras-java8time-3.0.4.RELEASE.jar:/Users/stepan/.m2/repository/org/springframework/boot/spring-boot-starter-security/2.3.0.M3/spring-boot-starter-security-2.3.0.M3.jar:/Users/stepan/.m2/repository/org/springframework/spring-aop/5.2.4.RELEASE/spring-aop-5.2.4.RELEASE.jar:/Users/stepan/.m2/repository/org/springframework/spring-beans/5.2.4.RELEASE/spring-beans-5.2.4.RELEASE.jar:/Users/stepan/.m2/repository/org/springframework/security/spring-security-config/5.3.0.RELEASE/spring-security-config-5.3.0.RELEASE.jar:/Users/stepan/.m2/repository/org/springframework/security/spring-security-core/5.3.0.RELEASE/spring-security-core-5.3.0.RELEASE.jar:/Users/stepan/.m2/repository/org/springframework/spring-context/5.2.4.RELEASE/spring-context-5.2.4.RELEASE.jar:/Users/stepan/.m2/repository/org/springframework/security/spring-security-web/5.3.0.RELEASE/spring-security-web-5.3.0.RELEASE.jar:/Users/stepan/.m2/repository/org/springframework/spring-expression/5.2.4.RELEASE/spring-expression-5.2.4.RELEASE.jar:/Users/stepan/.m2/repository/org/springframework/boot/spring-boot-starter-data-jpa/2.3.0.M3/spring-boot-starter-data-jpa-2.3.0.M3.jar:/Users/stepan/.m2/repository/org/springframework/boot/spring-boot-starter-aop/2.3.0.M3/spring-boot-starter-aop-2.3.0.M3.jar:/Users/stepan/.m2/repository/org/aspectj/aspectjweaver/1.9.5/aspectjweaver-1.9.5.jar:/Users/stepan/.m2/repository/org/springframework/boot/spring-boot-starter-jdbc/2.3.0.M3/spring-boot-starter-jdbc-2.3.0.M3.jar:/Users/stepan/.m2/repository/com/zaxxer/HikariCP/3.4.2/HikariCP-3.4.2.jar:/Users/stepan/.m2/repository/org/springframework/spring-jdbc/5.2.4.RELEASE/spring-jdbc-5.2.4.RELEASE.jar:/Users/stepan/.m2/repository/jakarta/transaction/jakarta.transaction-api/1.3.3/jakarta.transaction-api-1.3.3.jar:/Users/stepan/.m2/repository/jakarta/persistence/jakarta.persistence-api/2.2.3/jakarta.persistence-api-2.2.3.jar:/Users/stepan/.m2/repository/org/hibernate/hibernate-core/5.4.12.Final/hibernate-core-5.4.12.Final.jar:/Users/stepan/.m2/repository/org/jboss/logging/jboss-logging/3.4.1.Final/jboss-logging-3.4.1.Final.jar:/Users/stepan/.m2/repository/org/javassist/javassist/3.24.0-GA/javassist-3.24.0-GA.jar:/Users/stepan/.m2/repository/net/bytebuddy/byte-buddy/1.10.8/byte-buddy-1.10.8.jar:/Users/stepan/.m2/repository/antlr/antlr/2.7.7/antlr-2.7.7.jar:/Users/stepan/.m2/repository/org/jboss/jandex/2.1.1.Final/jandex-2.1.1.Final.jar:/Users/stepan/.m2/repository/com/fasterxml/classmate/1.5.1/classmate-1.5.1.jar:/Users/stepan/.m2/repository/org/dom4j/dom4j/2.1.1/dom4j-2.1.1.jar:/Users/stepan/.m2/repository/org/hibernate/common/hibernate-commons-annotations/5.1.0.Final/hibernate-commons-annotations-5.1.0.Final.jar:/Users/stepan/.m2/repository/org/glassfish/jaxb/jaxb-runtime/2.3.2/jaxb-runtime-2.3.2.jar:/Users/stepan/.m2/repository/org/glassfish/jaxb/txw2/2.3.2/txw2-2.3.2.jar:/Users/stepan/.m2/repository/com/sun/istack/istack-commons-runtime/3.0.8/istack-commons-runtime-3.0.8.jar:/Users/stepan/.m2/repository/org/jvnet/staxex/stax-ex/1.8.1/stax-ex-1.8.1.jar:/Users/stepan/.m2/repository/com/sun/xml/fastinfoset/FastInfoset/1.2.16/FastInfoset-1.2.16.jar:/Users/stepan/.m2/repository/org/springframework/data/spring-data-jpa/2.3.0.M4/spring-data-jpa-2.3.0.M4.jar:/Users/stepan/.m2/repository/org/springframework/data/spring-data-commons/2.3.0.M4/spring-data-commons-2.3.0.M4.jar:/Users/stepan/.m2/repository/org/springframework/spring-orm/5.2.4.RELEASE/spring-orm-5.2.4.RELEASE.jar:/Users/stepan/.m2/repository/org/springframework/spring-tx/5.2.4.RELEASE/spring-tx-5.2.4.RELEASE.jar:/Users/stepan/.m2/repository/org/springframework/spring-aspects/5.2.4.RELEASE/spring-aspects-5.2.4.RELEASE.jar:/Users/stepan/.m2/repository/org/springframework/boot/spring-boot-starter-web/2.3.0.M3/spring-boot-starter-web-2.3.0.M3.jar:/Users/stepan/.m2/repository/org/springframework/boot/spring-boot-starter-json/2.3.0.M3/spring-boot-starter-json-2.3.0.M3.jar:/Users/stepan/.m2/repository/com/fasterxml/jackson/core/jackson-databind/2.10.3/jackson-databind-2.10.3.jar:/Users/stepan/.m2/repository/com/fasterxml/jackson/core/jackson-annotations/2.10.3/jackson-annotations-2.10.3.jar:/Users/stepan/.m2/repository/com/fasterxml/jackson/core/jackson-core/2.10.3/jackson-core-2.10.3.jar:/Users/stepan/.m2/repository/com/fasterxml/jackson/datatype/jackson-datatype-jdk8/2.10.3/jackson-datatype-jdk8-2.10.3.jar:/Users/stepan/.m2/repository/com/fasterxml/jackson/datatype/jackson-datatype-jsr310/2.10.3/jackson-datatype-jsr310-2.10.3.jar:/Users/stepan/.m2/repository/com/fasterxml/jackson/module/jackson-module-parameter-names/2.10.3/jackson-module-parameter-names-2.10.3.jar:/Users/stepan/.m2/repository/org/springframework/boot/spring-boot-starter-tomcat/2.3.0.M3/spring-boot-starter-tomcat-2.3.0.M3.jar:/Users/stepan/.m2/repository/org/apache/tomcat/embed/tomcat-embed-core/9.0.31/tomcat-embed-core-9.0.31.jar:/Users/stepan/.m2/repository/org/glassfish/jakarta.el/3.0.3/jakarta.el-3.0.3.jar:/Users/stepan/.m2/repository/org/apache/tomcat/embed/tomcat-embed-websocket/9.0.31/tomcat-embed-websocket-9.0.31.jar:/Users/stepan/.m2/repository/org/springframework/spring-web/5.2.4.RELEASE/spring-web-5.2.4.RELEASE.jar:/Users/stepan/.m2/repository/org/springframework/spring-webmvc/5.2.4.RELEASE/spring-webmvc-5.2.4.RELEASE.jar:/Users/stepan/.m2/repository/org/springframework/boot/spring-boot-devtools/2.3.0.M3/spring-boot-devtools-2.3.0.M3.jar:/Users/stepan/.m2/repository/org/springframework/boot/spring-boot/2.3.0.M3/spring-boot-2.3.0.M3.jar:/Users/stepan/.m2/repository/org/springframework/boot/spring-boot-autoconfigure/2.3.0.M3/spring-boot-autoconfigure-2.3.0.M3.jar:/Users/stepan/.m2/repository/org/postgresql/postgresql/42.2.11/postgresql-42.2.11.jar:/Users/stepan/.m2/repository/org/springframework/boot/spring-boot-starter-test/2.3.0.M3/spring-boot-starter-test-2.3.0.M3.jar:/Users/stepan/.m2/repository/org/springframework/boot/spring-boot-test/2.3.0.M3/spring-boot-test-2.3.0.M3.jar:/Users/stepan/.m2/repository/org/springframework/boot/spring-boot-test-autoconfigure/2.3.0.M3/spring-boot-test-autoconfigure-2.3.0.M3.jar:/Users/stepan/.m2/repository/com/jayway/jsonpath/json-path/2.4.0/json-path-2.4.0.jar:/Users/stepan/.m2/repository/net/minidev/json-smart/2.3/json-smart-2.3.jar:/Users/stepan/.m2/repository/net/minidev/accessors-smart/1.2/accessors-smart-1.2.jar:/Users/stepan/.m2/repository/org/ow2/asm/asm/5.0.4/asm-5.0.4.jar:/Users/stepan/.m2/repository/jakarta/xml/bind/jakarta.xml.bind-api/2.3.3/jakarta.xml.bind-api-2.3.3.jar:/Users/stepan/.m2/repository/jakarta/activation/jakarta.activation-api/1.2.2/jakarta.activation-api-1.2.2.jar:/Users/stepan/.m2/repository/org/assertj/assertj-core/3.15.0/assertj-core-3.15.0.jar:/Users/stepan/.m2/repository/org/hamcrest/hamcrest/2.2/hamcrest-2.2.jar:/Users/stepan/.m2/repository/org/junit/jupiter/junit-jupiter/5.6.0/junit-jupiter-5.6.0.jar:/Users/stepan/.m2/repository/org/junit/jupiter/junit-jupiter-api/5.6.0/junit-jupiter-api-5.6.0.jar:/Users/stepan/.m2/repository/org/apiguardian/apiguardian-api/1.1.0/apiguardian-api-1.1.0.jar:/Users/stepan/.m2/repository/org/opentest4j/opentest4j/1.2.0/opentest4j-1.2.0.jar:/Users/stepan/.m2/repository/org/junit/platform/junit-platform-commons/1.6.0/junit-platform-commons-1.6.0.jar:/Users/stepan/.m2/repository/org/junit/jupiter/junit-jupiter-params/5.6.0/junit-jupiter-params-5.6.0.jar:/Users/stepan/.m2/repository/org/junit/jupiter/junit-jupiter-engine/5.6.0/junit-jupiter-engine-5.6.0.jar:/Users/stepan/.m2/repository/org/junit/platform/junit-platform-engine/1.6.0/junit-platform-engine-1.6.0.jar:/Users/stepan/.m2/repository/org/mockito/mockito-core/3.3.0/mockito-core-3.3.0.jar:/Users/stepan/.m2/repository/net/bytebuddy/byte-buddy-agent/1.10.8/byte-buddy-agent-1.10.8.jar:/Users/stepan/.m2/repository/org/objenesis/objenesis/2.6/objenesis-2.6.jar:/Users/stepan/.m2/repository/org/mockito/mockito-junit-jupiter/3.3.0/mockito-junit-jupiter-3.3.0.jar:/Users/stepan/.m2/repository/org/skyscreamer/jsonassert/1.5.0/jsonassert-1.5.0.jar:/Users/stepan/.m2/repository/com/vaadin/external/google/android-json/0.0.20131108.vaadin1/android-json-0.0.20131108.vaadin1.jar:/Users/stepan/.m2/repository/org/springframework/spring-core/5.2.4.RELEASE/spring-core-5.2.4.RELEASE.jar:/Users/stepan/.m2/repository/org/springframework/spring-jcl/5.2.4.RELEASE/spring-jcl-5.2.4.RELEASE.jar:/Users/stepan/.m2/repository/org/springframework/spring-test/5.2.4.RELEASE/spring-test-5.2.4.RELEASE.jar:/Users/stepan/.m2/repository/org/xmlunit/xmlunit-core/2.6.4/xmlunit-core-2.6.4.jar:"/>
    <property name="java.vm.vendor" value="Oracle Corporation"/>
    <property name="sun.arch.data.model" value="64"/>
    <property name="java.vendor.url" value="https://java.oracle.com/"/>
    <property name="os.name" value="Mac OS X"/>
    <property name="java.vm.specification.version" value="14"/>
    <property name="sun.java.launcher" value="SUN_STANDARD"/>
    <property name="user.country" value="RU"/>
    <property name="sun.boot.library.path" value="/Library/Java/JavaVirtualMachines/jdk-14.jdk/Contents/Home/lib"/>
    <property name="sun.java.command" value="/Users/stepan/Documents/Программирование/yodaweb/target/surefire/surefirebooter13706626087804966339.jar /Users/stepan/Documents/Программирование/yodaweb/target/surefire 2020-04-18T21-58-28_288-jvmRun1 surefire46985310862649946tmp surefire_08502463437090634058tmp"/>
    <property name="http.nonProxyHosts" value="local|*.local|169.254/16|*.169.254/16"/>
    <property name="jdk.debug" value="release"/>
    <property name="surefire.test.class.path" value="/Users/stepan/Documents/Программирование/yodaweb/target/test-classes:/Users/stepan/Documents/Программирование/yodaweb/target/classes:/Users/stepan/.m2/repository/org/projectlombok/lombok/1.18.12/lombok-1.18.12.jar:/Users/stepan/.m2/repository/org/springframework/boot/spring-boot-starter-thymeleaf/2.2.6.RELEASE/spring-boot-starter-thymeleaf-2.2.6.RELEASE.jar:/Users/stepan/.m2/repository/org/springframework/boot/spring-boot-starter/2.3.0.M3/spring-boot-starter-2.3.0.M3.jar:/Users/stepan/.m2/repository/org/springframework/boot/spring-boot-starter-logging/2.3.0.M3/spring-boot-starter-logging-2.3.0.M3.jar:/Users/stepan/.m2/repository/ch/qos/logback/logback-classic/1.2.3/logback-classic-1.2.3.jar:/Users/stepan/.m2/repository/ch/qos/logback/logback-core/1.2.3/logback-core-1.2.3.jar:/Users/stepan/.m2/repository/org/apache/logging/log4j/log4j-to-slf4j/2.13.1/log4j-to-slf4j-2.13.1.jar:/Users/stepan/.m2/repository/org/apache/logging/log4j/log4j-api/2.13.1/log4j-api-2.13.1.jar:/Users/stepan/.m2/repository/org/slf4j/jul-to-slf4j/1.7.30/jul-to-slf4j-1.7.30.jar:/Users/stepan/.m2/repository/jakarta/annotation/jakarta.annotation-api/1.3.5/jakarta.annotation-api-1.3.5.jar:/Users/stepan/.m2/repository/org/yaml/snakeyaml/1.26/snakeyaml-1.26.jar:/Users/stepan/.m2/repository/org/thymeleaf/thymeleaf-spring5/3.0.11.RELEASE/thymeleaf-spring5-3.0.11.RELEASE.jar:/Users/stepan/.m2/repository/org/thymeleaf/thymeleaf/3.0.11.RELEASE/thymeleaf-3.0.11.RELEASE.jar:/Users/stepan/.m2/repository/org/attoparser/attoparser/2.0.5.RELEASE/attoparser-2.0.5.RELEASE.jar:/Users/stepan/.m2/repository/org/unbescape/unbescape/1.1.6.RELEASE/unbescape-1.1.6.RELEASE.jar:/Users/stepan/.m2/repository/org/slf4j/slf4j-api/1.7.30/slf4j-api-1.7.30.jar:/Users/stepan/.m2/repository/org/thymeleaf/extras/thymeleaf-extras-java8time/3.0.4.RELEASE/thymeleaf-extras-java8time-3.0.4.RELEASE.jar:/Users/stepan/.m2/repository/org/springframework/boot/spring-boot-starter-security/2.3.0.M3/spring-boot-starter-security-2.3.0.M3.jar:/Users/stepan/.m2/repository/org/springframework/spring-aop/5.2.4.RELEASE/spring-aop-5.2.4.RELEASE.jar:/Users/stepan/.m2/repository/org/springframework/spring-beans/5.2.4.RELEASE/spring-beans-5.2.4.RELEASE.jar:/Users/stepan/.m2/repository/org/springframework/security/spring-security-config/5.3.0.RELEASE/spring-security-config-5.3.0.RELEASE.jar:/Users/stepan/.m2/repository/org/springframework/security/spring-security-core/5.3.0.RELEASE/spring-security-core-5.3.0.RELEASE.jar:/Users/stepan/.m2/repository/org/springframework/spring-context/5.2.4.RELEASE/spring-context-5.2.4.RELEASE.jar:/Users/stepan/.m2/repository/org/springframework/security/spring-security-web/5.3.0.RELEASE/spring-security-web-5.3.0.RELEASE.jar:/Users/stepan/.m2/repository/org/springframework/spring-expression/5.2.4.RELEASE/spring-expression-5.2.4.RELEASE.jar:/Users/stepan/.m2/repository/org/springframework/boot/spring-boot-starter-data-jpa/2.3.0.M3/spring-boot-starter-data-jpa-2.3.0.M3.jar:/Users/stepan/.m2/repository/org/springframework/boot/spring-boot-starter-aop/2.3.0.M3/spring-boot-starter-aop-2.3.0.M3.jar:/Users/stepan/.m2/repository/org/aspectj/aspectjweaver/1.9.5/aspectjweaver-1.9.5.jar:/Users/stepan/.m2/repository/org/springframework/boot/spring-boot-starter-jdbc/2.3.0.M3/spring-boot-starter-jdbc-2.3.0.M3.jar:/Users/stepan/.m2/repository/com/zaxxer/HikariCP/3.4.2/HikariCP-3.4.2.jar:/Users/stepan/.m2/repository/org/springframework/spring-jdbc/5.2.4.RELEASE/spring-jdbc-5.2.4.RELEASE.jar:/Users/stepan/.m2/repository/jakarta/transaction/jakarta.transaction-api/1.3.3/jakarta.transaction-api-1.3.3.jar:/Users/stepan/.m2/repository/jakarta/persistence/jakarta.persistence-api/2.2.3/jakarta.persistence-api-2.2.3.jar:/Users/stepan/.m2/repository/org/hibernate/hibernate-core/5.4.12.Final/hibernate-core-5.4.12.Final.jar:/Users/stepan/.m2/repository/org/jboss/logging/jboss-logging/3.4.1.Final/jboss-logging-3.4.1.Final.jar:/Users/stepan/.m2/repository/org/javassist/javassist/3.24.0-GA/javassist-3.24.0-GA.jar:/Users/stepan/.m2/repository/net/bytebuddy/byte-buddy/1.10.8/byte-buddy-1.10.8.jar:/Users/stepan/.m2/repository/antlr/antlr/2.7.7/antlr-2.7.7.jar:/Users/stepan/.m2/repository/org/jboss/jandex/2.1.1.Final/jandex-2.1.1.Final.jar:/Users/stepan/.m2/repository/com/fasterxml/classmate/1.5.1/classmate-1.5.1.jar:/Users/stepan/.m2/repository/org/dom4j/dom4j/2.1.1/dom4j-2.1.1.jar:/Users/stepan/.m2/repository/org/hibernate/common/hibernate-commons-annotations/5.1.0.Final/hibernate-commons-annotations-5.1.0.Final.jar:/Users/stepan/.m2/repository/org/glassfish/jaxb/jaxb-runtime/2.3.2/jaxb-runtime-2.3.2.jar:/Users/stepan/.m2/repository/org/glassfish/jaxb/txw2/2.3.2/txw2-2.3.2.jar:/Users/stepan/.m2/repository/com/sun/istack/istack-commons-runtime/3.0.8/istack-commons-runtime-3.0.8.jar:/Users/stepan/.m2/repository/org/jvnet/staxex/stax-ex/1.8.1/stax-ex-1.8.1.jar:/Users/stepan/.m2/repository/com/sun/xml/fastinfoset/FastInfoset/1.2.16/FastInfoset-1.2.16.jar:/Users/stepan/.m2/repository/org/springframework/data/spring-data-jpa/2.3.0.M4/spring-data-jpa-2.3.0.M4.jar:/Users/stepan/.m2/repository/org/springframework/data/spring-data-commons/2.3.0.M4/spring-data-commons-2.3.0.M4.jar:/Users/stepan/.m2/repository/org/springframework/spring-orm/5.2.4.RELEASE/spring-orm-5.2.4.RELEASE.jar:/Users/stepan/.m2/repository/org/springframework/spring-tx/5.2.4.RELEASE/spring-tx-5.2.4.RELEASE.jar:/Users/stepan/.m2/repository/org/springframework/spring-aspects/5.2.4.RELEASE/spring-aspects-5.2.4.RELEASE.jar:/Users/stepan/.m2/repository/org/springframework/boot/spring-boot-starter-web/2.3.0.M3/spring-boot-starter-web-2.3.0.M3.jar:/Users/stepan/.m2/repository/org/springframework/boot/spring-boot-starter-json/2.3.0.M3/spring-boot-starter-json-2.3.0.M3.jar:/Users/stepan/.m2/repository/com/fasterxml/jackson/core/jackson-databind/2.10.3/jackson-databind-2.10.3.jar:/Users/stepan/.m2/repository/com/fasterxml/jackson/core/jackson-annotations/2.10.3/jackson-annotations-2.10.3.jar:/Users/stepan/.m2/repository/com/fasterxml/jackson/core/jackson-core/2.10.3/jackson-core-2.10.3.jar:/Users/stepan/.m2/repository/com/fasterxml/jackson/datatype/jackson-datatype-jdk8/2.10.3/jackson-datatype-jdk8-2.10.3.jar:/Users/stepan/.m2/repository/com/fasterxml/jackson/datatype/jackson-datatype-jsr310/2.10.3/jackson-datatype-jsr310-2.10.3.jar:/Users/stepan/.m2/repository/com/fasterxml/jackson/module/jackson-module-parameter-names/2.10.3/jackson-module-parameter-names-2.10.3.jar:/Users/stepan/.m2/repository/org/springframework/boot/spring-boot-starter-tomcat/2.3.0.M3/spring-boot-starter-tomcat-2.3.0.M3.jar:/Users/stepan/.m2/repository/org/apache/tomcat/embed/tomcat-embed-core/9.0.31/tomcat-embed-core-9.0.31.jar:/Users/stepan/.m2/repository/org/glassfish/jakarta.el/3.0.3/jakarta.el-3.0.3.jar:/Users/stepan/.m2/repository/org/apache/tomcat/embed/tomcat-embed-websocket/9.0.31/tomcat-embed-websocket-9.0.31.jar:/Users/stepan/.m2/repository/org/springframework/spring-web/5.2.4.RELEASE/spring-web-5.2.4.RELEASE.jar:/Users/stepan/.m2/repository/org/springframework/spring-webmvc/5.2.4.RELEASE/spring-webmvc-5.2.4.RELEASE.jar:/Users/stepan/.m2/repository/org/springframework/boot/spring-boot-devtools/2.3.0.M3/spring-boot-devtools-2.3.0.M3.jar:/Users/stepan/.m2/repository/org/springframework/boot/spring-boot/2.3.0.M3/spring-boot-2.3.0.M3.jar:/Users/stepan/.m2/repository/org/springframework/boot/spring-boot-autoconfigure/2.3.0.M3/spring-boot-autoconfigure-2.3.0.M3.jar:/Users/stepan/.m2/repository/org/postgresql/postgresql/42.2.11/postgresql-42.2.11.jar:/Users/stepan/.m2/repository/org/springframework/boot/spring-boot-starter-test/2.3.0.M3/spring-boot-starter-test-2.3.0.M3.jar:/Users/stepan/.m2/repository/org/springframework/boot/spring-boot-test/2.3.0.M3/spring-boot-test-2.3.0.M3.jar:/Users/stepan/.m2/repository/org/springframework/boot/spring-boot-test-autoconfigure/2.3.0.M3/spring-boot-test-autoconfigure-2.3.0.M3.jar:/Users/stepan/.m2/repository/com/jayway/jsonpath/json-path/2.4.0/json-path-2.4.0.jar:/Users/stepan/.m2/repository/net/minidev/json-smart/2.3/json-smart-2.3.jar:/Users/stepan/.m2/repository/net/minidev/accessors-smart/1.2/accessors-smart-1.2.jar:/Users/stepan/.m2/repository/org/ow2/asm/asm/5.0.4/asm-5.0.4.jar:/Users/stepan/.m2/repository/jakarta/xml/bind/jakarta.xml.bind-api/2.3.3/jakarta.xml.bind-api-2.3.3.jar:/Users/stepan/.m2/repository/jakarta/activation/jakarta.activation-api/1.2.2/jakarta.activation-api-1.2.2.jar:/Users/stepan/.m2/repository/org/assertj/assertj-core/3.15.0/assertj-core-3.15.0.jar:/Users/stepan/.m2/repository/org/hamcrest/hamcrest/2.2/hamcrest-2.2.jar:/Users/stepan/.m2/repository/org/junit/jupiter/junit-jupiter/5.6.0/junit-jupiter-5.6.0.jar:/Users/stepan/.m2/repository/org/junit/jupiter/junit-jupiter-api/5.6.0/junit-jupiter-api-5.6.0.jar:/Users/stepan/.m2/repository/org/apiguardian/apiguardian-api/1.1.0/apiguardian-api-1.1.0.jar:/Users/stepan/.m2/repository/org/opentest4j/opentest4j/1.2.0/opentest4j-1.2.0.jar:/Users/stepan/.m2/repository/org/junit/platform/junit-platform-commons/1.6.0/junit-platform-commons-1.6.0.jar:/Users/stepan/.m2/repository/org/junit/jupiter/junit-jupiter-params/5.6.0/junit-jupiter-params-5.6.0.jar:/Users/stepan/.m2/repository/org/junit/jupiter/junit-jupiter-engine/5.6.0/junit-jupiter-engine-5.6.0.jar:/Users/stepan/.m2/repository/org/junit/platform/junit-platform-engine/1.6.0/junit-platform-engine-1.6.0.jar:/Users/stepan/.m2/repository/org/mockito/mockito-core/3.3.0/mockito-core-3.3.0.jar:/Users/stepan/.m2/repository/net/bytebuddy/byte-buddy-agent/1.10.8/byte-buddy-agent-1.10.8.jar:/Users/stepan/.m2/repository/org/objenesis/objenesis/2.6/objenesis-2.6.jar:/Users/stepan/.m2/repository/org/mockito/mockito-junit-jupiter/3.3.0/mockito-junit-jupiter-3.3.0.jar:/Users/stepan/.m2/repository/org/skyscreamer/jsonassert/1.5.0/jsonassert-1.5.0.jar:/Users/stepan/.m2/repository/com/vaadin/external/google/android-json/0.0.20131108.vaadin1/android-json-0.0.20131108.vaadin1.jar:/Users/stepan/.m2/repository/org/springframework/spring-core/5.2.4.RELEASE/spring-core-5.2.4.RELEASE.jar:/Users/stepan/.m2/repository/org/springframework/spring-jcl/5.2.4.RELEASE/spring-jcl-5.2.4.RELEASE.jar:/Users/stepan/.m2/repository/org/springframework/spring-test/5.2.4.RELEASE/spring-test-5.2.4.RELEASE.jar:/Users/stepan/.m2/repository/org/xmlunit/xmlunit-core/2.6.4/xmlunit-core-2.6.4.jar:"/>
    <property name="sun.cpu.endian" value="little"/>
    <property name="user.home" value="/Users/stepan"/>
    <property name="user.language" value="ru"/>
    <property name="java.specification.vendor" value="Oracle Corporation"/>
    <property name="java.version.date" value="2020-03-17"/>
    <property name="java.home" value="/Library/Java/JavaVirtualMachines/jdk-14.jdk/Contents/Home"/>
    <property name="file.separator" value="/"/>
    <property name="basedir" value="/Users/stepan/Documents/Программирование/yodaweb"/>
    <property name="java.vm.compressedOopsMode" value="Zero based"/>
    <property name="line.separator" value="&#10;"/>
    <property name="java.specification.name" value="Java Platform API Specification"/>
    <property name="java.vm.specification.vendor" value="Oracle Corporation"/>
    <property name="surefire.real.class.path" value="/Users/stepan/Documents/Программирование/yodaweb/target/surefire/surefirebooter13706626087804966339.jar"/>
    <property name="sun.management.compiler" value="HotSpot 64-Bit Tiered Compilers"/>
    <property name="ftp.nonProxyHosts" value="local|*.local|169.254/16|*.169.254/16"/>
    <property name="java.runtime.version" value="14+36-1461"/>
    <property name="user.name" value="stepan"/>
    <property name="path.separator" value=":"/>
    <property name="os.version" value="10.15.2"/>
    <property name="java.runtime.name" value="Java(TM) SE Runtime Environment"/>
    <property name="file.encoding" value="UTF-8"/>
    <property name="java.vm.name" value="Java HotSpot(TM) 64-Bit Server VM"/>
    <property name="localRepository" value="/Users/stepan/.m2/repository"/>
    <property name="java.vendor.url.bug" value="https://bugreport.java.com/bugreport/"/>
    <property name="java.io.tmpdir" value="/var/folders/lr/c3_ytcxs3g10dyrx9_p7tjs00000gn/T/"/>
    <property name="java.version" value="14"/>
    <property name="user.dir" value="/Users/stepan/Documents/Программирование/yodaweb"/>
    <property name="os.arch" value="x86_64"/>
    <property name="java.vm.specification.name" value="Java Virtual Machine Specification"/>
    <property name="java.library.path" value="/Users/stepan/Library/Java/Extensions:/Library/Java/Extensions:/Network/Library/Java/Extensions:/System/Library/Java/Extensions:/usr/lib/java:."/>
    <property name="java.vm.info" value="mixed mode, sharing"/>
    <property name="java.vendor" value="Oracle Corporation"/>
    <property name="java.vm.version" value="14+36-1461"/>
    <property name="sun.io.unicode.encoding" value="UnicodeBig"/>
    <property name="socksNonProxyHosts" value="local|*.local|169.254/16|*.169.254/16"/>
    <property name="java.class.version" value="58.0"/>
  </properties>
  <testcase name="contextLoads" classname="edu.ponomarev.step.yodaWeb.YodaWebApplicationTests" time="0.197"/>
</testsuite>